<?xml version="1.0" encoding="UTF-8"?>
<Site BuildName="Darwin-clang++"
	BuildStamp="20250519-1246-Experimental"
	Name="MacBook-Air-von-Benedikt-2.local"
	Generator="ctest-3.31.6"
	CompilerName="/usr/bin/clang++"
	CompilerVersion="16.0.0.16000026"
	OSName="macOS"
	Hostname="MacBook-Air-von-Benedikt-2.local"
	OSRelease="15.3.1"
	OSVersion="24D70"
	OSPlatform="arm64"
	Is64Bits="1"
	VendorString="Apple"
	VendorID="Apple"
	FamilyID="0"
	ModelID="0"
	ModelName="Apple M2"
	ProcessorCacheSize="131072"
	NumberOfLogicalCPU="8"
	NumberOfPhysicalCPU="8"
	TotalVirtualMemory="5120"
	TotalPhysicalMemory="16384"
	LogicalProcessorsPerPhysical="8"
	ProcessorClockFrequency="0"
	>
	<Testing>
		<StartDateTime>May 19 13:46 BST</StartDateTime>
		<StartTestTime>1747658802</StartTestTime>
		<TestList/>
		<EndDateTime>May 19 13:46 BST</EndDateTime>
		<EndTestTime>1747658802</EndTestTime>
		<ElapsedMinutes>0</ElapsedMinutes>
	</Testing>
</Site>
